<?xml version="1.0" encoding="UTF-8"?>
<!DOCTYPE coverage SYSTEM "http://cobertura.sourceforge.net/xml/coverage-04.dtd">
<coverage line-rate="0" branch-rate="0" lines-covered="0" lines-valid="195" branches-covered="0" branches-valid="0" complexity="42" version="0.4" timestamp="1752707304">
  <sources>
    <source>/var/www/html/app</source>
  </sources>
  <packages>
    <package name="Config/DataBase.php" line-rate="0" branch-rate="0" complexity="0">
      <classes/>
    </package>
    <package name="Controllers/PatientController.php" line-rate="0" branch-rate="0" complexity="6">
      <classes>
        <class name="App\Controllers\PatientController" filename="Controllers/PatientController.php" line-rate="0" branch-rate="0" complexity="6">
          <methods>
            <method name="index" signature="" line-rate="0" branch-rate="0" complexity="1">
              <lines>
                <line number="12" hits="0"/>
                <line number="13" hits="0"/>
                <line number="14" hits="0"/>
                <line number="15" hits="0"/>
              </lines>
            </method>
            <method name="show" signature="$id" line-rate="0" branch-rate="0" complexity="1">
              <lines>
                <line number="18" hits="0"/>
                <line number="19" hits="0"/>
                <line number="20" hits="0"/>
                <line number="21" hits="0"/>
                <line number="22" hits="0"/>
                <line number="23" hits="0"/>
              </lines>
            </method>
            <method name="store" signature="" line-rate="0" branch-rate="0" complexity="1">
              <lines>
                <line number="27" hits="0"/>
                <line number="28" hits="0"/>
                <line number="29" hits="0"/>
                <line number="30" hits="0"/>
                <line number="31" hits="0"/>
                <line number="32" hits="0"/>
                <line number="33" hits="0"/>
              </lines>
            </method>
            <method name="update" signature="$id" line-rate="0" branch-rate="0" complexity="2">
              <lines>
                <line number="36" hits="0"/>
                <line number="37" hits="0"/>
                <line number="38" hits="0"/>
                <line number="39" hits="0"/>
                <line number="40" hits="0"/>
                <line number="41" hits="0"/>
                <line number="42" hits="0"/>
                <line number="43" hits="0"/>
                <line number="45" hits="0"/>
                <line number="46" hits="0"/>
                <line number="47" hits="0"/>
              </lines>
            </method>
            <method name="destroy" signature="$di" line-rate="0" branch-rate="0" complexity="1">
              <lines>
                <line number="52" hits="0"/>
              </lines>
            </method>
          </methods>
          <lines>
            <line number="12" hits="0"/>
            <line number="13" hits="0"/>
            <line number="14" hits="0"/>
            <line number="15" hits="0"/>
            <line number="18" hits="0"/>
            <line number="19" hits="0"/>
            <line number="20" hits="0"/>
            <line number="21" hits="0"/>
            <line number="22" hits="0"/>
            <line number="23" hits="0"/>
            <line number="27" hits="0"/>
            <line number="28" hits="0"/>
            <line number="29" hits="0"/>
            <line number="30" hits="0"/>
            <line number="31" hits="0"/>
            <line number="32" hits="0"/>
            <line number="33" hits="0"/>
            <line number="36" hits="0"/>
            <line number="37" hits="0"/>
            <line number="38" hits="0"/>
            <line number="39" hits="0"/>
            <line number="40" hits="0"/>
            <line number="41" hits="0"/>
            <line number="42" hits="0"/>
            <line number="43" hits="0"/>
            <line number="45" hits="0"/>
            <line number="46" hits="0"/>
            <line number="47" hits="0"/>
            <line number="52" hits="0"/>
          </lines>
        </class>
      </classes>
    </package>
    <package name="Controllers/RoleController.php" line-rate="0" branch-rate="0" complexity="4">
      <classes>
        <class name="App\Controllers\RoleController" filename="Controllers/RoleController.php" line-rate="0" branch-rate="0" complexity="4">
          <methods>
            <method name="index" signature="" line-rate="0" branch-rate="0" complexity="1">
              <lines>
                <line number="11" hits="0"/>
                <line number="12" hits="0"/>
                <line number="13" hits="0"/>
                <line number="14" hits="0"/>
              </lines>
            </method>
            <method name="store" signature="" line-rate="0" branch-rate="0" complexity="1">
              <lines>
                <line number="17" hits="0"/>
                <line number="18" hits="0"/>
                <line number="19" hits="0"/>
                <line number="20" hits="0"/>
                <line number="21" hits="0"/>
                <line number="22" hits="0"/>
                <line number="23" hits="0"/>
              </lines>
            </method>
            <method name="update" signature="$id" line-rate="0" branch-rate="0" complexity="1">
              <lines>
                <line number="26" hits="0"/>
              </lines>
            </method>
            <method name="destroy" signature="$id" line-rate="0" branch-rate="0" complexity="1">
              <lines>
                <line number="29" hits="0"/>
              </lines>
            </method>
          </methods>
          <lines>
            <line number="11" hits="0"/>
            <line number="12" hits="0"/>
            <line number="13" hits="0"/>
            <line number="14" hits="0"/>
            <line number="17" hits="0"/>
            <line number="18" hits="0"/>
            <line number="19" hits="0"/>
            <line number="20" hits="0"/>
            <line number="21" hits="0"/>
            <line number="22" hits="0"/>
            <line number="23" hits="0"/>
            <line number="26" hits="0"/>
            <line number="29" hits="0"/>
          </lines>
        </class>
      </classes>
    </package>
    <package name="Controllers/UserController.php" line-rate="0" branch-rate="0" complexity="8">
      <classes>
        <class name="App\Controllers\UserController" filename="Controllers/UserController.php" line-rate="0" branch-rate="0" complexity="8">
          <methods>
            <method name="__construct" signature="" line-rate="0" branch-rate="0" complexity="1">
              <lines>
                <line number="13" hits="0"/>
              </lines>
            </method>
            <method name="index" signature="" line-rate="0" branch-rate="0" complexity="1">
              <lines>
                <line number="16" hits="0"/>
                <line number="17" hits="0"/>
                <line number="18" hits="0"/>
                <line number="19" hits="0"/>
              </lines>
            </method>
            <method name="show" signature="$id" line-rate="0" branch-rate="0" complexity="1">
              <lines>
                <line number="23" hits="0"/>
                <line number="24" hits="0"/>
                <line number="25" hits="0"/>
                <line number="26" hits="0"/>
                <line number="27" hits="0"/>
              </lines>
            </method>
            <method name="login" signature="" line-rate="0" branch-rate="0" complexity="1">
              <lines>
                <line number="31" hits="0"/>
                <line number="32" hits="0"/>
                <line number="33" hits="0"/>
                <line number="34" hits="0"/>
                <line number="35" hits="0"/>
                <line number="36" hits="0"/>
              </lines>
            </method>
            <method name="store" signature="" line-rate="0" branch-rate="0" complexity="3">
              <lines>
                <line number="41" hits="0"/>
                <line number="42" hits="0"/>
                <line number="43" hits="0"/>
                <line number="44" hits="0"/>
                <line number="46" hits="0"/>
                <line number="47" hits="0"/>
                <line number="48" hits="0"/>
                <line number="49" hits="0"/>
                <line number="52" hits="0"/>
                <line number="53" hits="0"/>
                <line number="54" hits="0"/>
                <line number="55" hits="0"/>
                <line number="56" hits="0"/>
                <line number="57" hits="0"/>
                <line number="58" hits="0"/>
                <line number="59" hits="0"/>
                <line number="60" hits="0"/>
                <line number="61" hits="0"/>
              </lines>
            </method>
            <method name="update" signature="" line-rate="0" branch-rate="0" complexity="1">
              <lines>
                <line number="64" hits="0"/>
              </lines>
            </method>
          </methods>
          <lines>
            <line number="13" hits="0"/>
            <line number="16" hits="0"/>
            <line number="17" hits="0"/>
            <line number="18" hits="0"/>
            <line number="19" hits="0"/>
            <line number="23" hits="0"/>
            <line number="24" hits="0"/>
            <line number="25" hits="0"/>
            <line number="26" hits="0"/>
            <line number="27" hits="0"/>
            <line number="31" hits="0"/>
            <line number="32" hits="0"/>
            <line number="33" hits="0"/>
            <line number="34" hits="0"/>
            <line number="35" hits="0"/>
            <line number="36" hits="0"/>
            <line number="41" hits="0"/>
            <line number="42" hits="0"/>
            <line number="43" hits="0"/>
            <line number="44" hits="0"/>
            <line number="46" hits="0"/>
            <line number="47" hits="0"/>
            <line number="48" hits="0"/>
            <line number="49" hits="0"/>
            <line number="52" hits="0"/>
            <line number="53" hits="0"/>
            <line number="54" hits="0"/>
            <line number="55" hits="0"/>
            <line number="56" hits="0"/>
            <line number="57" hits="0"/>
            <line number="58" hits="0"/>
            <line number="59" hits="0"/>
            <line number="60" hits="0"/>
            <line number="61" hits="0"/>
            <line number="64" hits="0"/>
          </lines>
        </class>
      </classes>
    </package>
    <package name="Middlewares/AuthMiddleware.php" line-rate="0" branch-rate="0" complexity="3">
      <classes>
        <class name="App\Middlewares\AuthMiddleware" filename="Middlewares/AuthMiddleware.php" line-rate="0" branch-rate="0" complexity="3">
          <methods>
            <method name="before" signature="$params" line-rate="0" branch-rate="0" complexity="3">
              <lines>
                <line number="10" hits="0"/>
                <line number="11" hits="0"/>
                <line number="12" hits="0"/>
                <line number="13" hits="0"/>
                <line number="14" hits="0"/>
                <line number="16" hits="0"/>
                <line number="17" hits="0"/>
                <line number="19" hits="0"/>
                <line number="20" hits="0"/>
                <line number="21" hits="0"/>
                <line number="22" hits="0"/>
              </lines>
            </method>
          </methods>
          <lines>
            <line number="10" hits="0"/>
            <line number="11" hits="0"/>
            <line number="12" hits="0"/>
            <line number="13" hits="0"/>
            <line number="14" hits="0"/>
            <line number="16" hits="0"/>
            <line number="17" hits="0"/>
            <line number="19" hits="0"/>
            <line number="20" hits="0"/>
            <line number="21" hits="0"/>
            <line number="22" hits="0"/>
          </lines>
        </class>
      </classes>
    </package>
    <package name="Middlewares/TokenMiddleware.php" line-rate="0" branch-rate="0" complexity="2">
      <classes>
        <class name="App\Middlewares\TokenMiddleware" filename="Middlewares/TokenMiddleware.php" line-rate="0" branch-rate="0" complexity="2">
          <methods>
            <method name="before" signature="$params" line-rate="0" branch-rate="0" complexity="2">
              <lines>
                <line number="9" hits="0"/>
                <line number="10" hits="0"/>
                <line number="11" hits="0"/>
                <line number="12" hits="0"/>
                <line number="13" hits="0"/>
                <line number="15" hits="0"/>
                <line number="16" hits="0"/>
              </lines>
            </method>
          </methods>
          <lines>
            <line number="9" hits="0"/>
            <line number="10" hits="0"/>
            <line number="11" hits="0"/>
            <line number="12" hits="0"/>
            <line number="13" hits="0"/>
            <line number="15" hits="0"/>
            <line number="16" hits="0"/>
          </lines>
        </class>
      </classes>
    </package>
    <package name="Models/Patient.php" line-rate="0" branch-rate="0" complexity="8">
      <classes>
        <class name="App\Models\Patient" filename="Models/Patient.php" line-rate="0" branch-rate="0" complexity="8">
          <methods>
            <method name="getAll" signature="" line-rate="0" branch-rate="0" complexity="2">
              <lines>
                <line number="14" hits="0"/>
                <line number="15" hits="0"/>
                <line number="16" hits="0"/>
                <line number="17" hits="0"/>
                <line number="18" hits="0"/>
              </lines>
            </method>
            <method name="create" signature="$data" line-rate="0" branch-rate="0" complexity="2">
              <lines>
                <line number="23" hits="0"/>
                <line number="24" hits="0"/>
                <line number="25" hits="0"/>
                <line number="26" hits="0"/>
                <line number="27" hits="0"/>
                <line number="28" hits="0"/>
                <line number="29" hits="0"/>
                <line number="30" hits="0"/>
                <line number="31" hits="0"/>
                <line number="32" hits="0"/>
                <line number="33" hits="0"/>
                <line number="34" hits="0"/>
              </lines>
            </method>
            <method name="getById" signature="int $id" line-rate="0" branch-rate="0" complexity="2">
              <lines>
                <line number="40" hits="0"/>
                <line number="41" hits="0"/>
                <line number="42" hits="0"/>
                <line number="43" hits="0"/>
                <line number="44" hits="0"/>
                <line number="45" hits="0"/>
                <line number="46" hits="0"/>
              </lines>
            </method>
            <method name="update" signature="int $id, $data" line-rate="0" branch-rate="0" complexity="2">
              <lines>
                <line number="52" hits="0"/>
                <line number="53" hits="0"/>
                <line number="54" hits="0"/>
                <line number="55" hits="0"/>
                <line number="56" hits="0"/>
                <line number="57" hits="0"/>
                <line number="58" hits="0"/>
                <line number="59" hits="0"/>
                <line number="60" hits="0"/>
                <line number="61" hits="0"/>
                <line number="62" hits="0"/>
                <line number="63" hits="0"/>
                <line number="64" hits="0"/>
                <line number="65" hits="0"/>
                <line number="66" hits="0"/>
                <line number="67" hits="0"/>
                <line number="68" hits="0"/>
              </lines>
            </method>
          </methods>
          <lines>
            <line number="14" hits="0"/>
            <line number="15" hits="0"/>
            <line number="16" hits="0"/>
            <line number="17" hits="0"/>
            <line number="18" hits="0"/>
            <line number="23" hits="0"/>
            <line number="24" hits="0"/>
            <line number="25" hits="0"/>
            <line number="26" hits="0"/>
            <line number="27" hits="0"/>
            <line number="28" hits="0"/>
            <line number="29" hits="0"/>
            <line number="30" hits="0"/>
            <line number="31" hits="0"/>
            <line number="32" hits="0"/>
            <line number="33" hits="0"/>
            <line number="34" hits="0"/>
            <line number="40" hits="0"/>
            <line number="41" hits="0"/>
            <line number="42" hits="0"/>
            <line number="43" hits="0"/>
            <line number="44" hits="0"/>
            <line number="45" hits="0"/>
            <line number="46" hits="0"/>
            <line number="52" hits="0"/>
            <line number="53" hits="0"/>
            <line number="54" hits="0"/>
            <line number="55" hits="0"/>
            <line number="56" hits="0"/>
            <line number="57" hits="0"/>
            <line number="58" hits="0"/>
            <line number="59" hits="0"/>
            <line number="60" hits="0"/>
            <line number="61" hits="0"/>
            <line number="62" hits="0"/>
            <line number="63" hits="0"/>
            <line number="64" hits="0"/>
            <line number="65" hits="0"/>
            <line number="66" hits="0"/>
            <line number="67" hits="0"/>
            <line number="68" hits="0"/>
          </lines>
        </class>
      </classes>
    </package>
    <package name="Models/Role.php" line-rate="0" branch-rate="0" complexity="2">
      <classes>
        <class name="App\Models\Role" filename="Models/Role.php" line-rate="0" branch-rate="0" complexity="2">
          <methods>
            <method name="create" signature="$data" line-rate="0" branch-rate="0" complexity="1">
              <lines>
                <line number="9" hits="0"/>
                <line number="10" hits="0"/>
                <line number="11" hits="0"/>
                <line number="12" hits="0"/>
                <line number="13" hits="0"/>
              </lines>
            </method>
            <method name="getAll" signature="" line-rate="0" branch-rate="0" complexity="1">
              <lines>
                <line number="17" hits="0"/>
              </lines>
            </method>
          </methods>
          <lines>
            <line number="9" hits="0"/>
            <line number="10" hits="0"/>
            <line number="11" hits="0"/>
            <line number="12" hits="0"/>
            <line number="13" hits="0"/>
            <line number="17" hits="0"/>
          </lines>
        </class>
      </classes>
    </package>
    <package name="Models/User.php" line-rate="0" branch-rate="0" complexity="9">
      <classes>
        <class name="App\Models\User" filename="Models/User.php" line-rate="0" branch-rate="0" complexity="9">
          <methods>
            <method name="loginUser" signature="$name, $field" line-rate="0" branch-rate="0" complexity="4">
              <lines>
                <line number="12" hits="0"/>
                <line number="13" hits="0"/>
                <line number="14" hits="0"/>
                <line number="15" hits="0"/>
                <line number="16" hits="0"/>
                <line number="17" hits="0"/>
                <line number="18" hits="0"/>
                <line number="19" hits="0"/>
                <line number="20" hits="0"/>
                <line number="21" hits="0"/>
                <line number="22" hits="0"/>
                <line number="23" hits="0"/>
                <line number="24" hits="0"/>
                <line number="26" hits="0"/>
                <line number="28" hits="0"/>
                <line number="29" hits="0"/>
                <line number="30" hits="0"/>
                <line number="31" hits="0"/>
                <line number="33" hits="0"/>
                <line number="34" hits="0"/>
                <line number="37" hits="0"/>
                <line number="38" hits="0"/>
                <line number="39" hits="0"/>
                <line number="41" hits="0"/>
                <line number="42" hits="0"/>
                <line number="43" hits="0"/>
                <line number="44" hits="0"/>
                <line number="45" hits="0"/>
              </lines>
            </method>
            <method name="getAll" signature="" line-rate="0" branch-rate="0" complexity="1">
              <lines>
                <line number="49" hits="0"/>
              </lines>
            </method>
            <method name="getId" signature="$id" line-rate="0" branch-rate="0" complexity="1">
              <lines>
                <line number="52" hits="0"/>
              </lines>
            </method>
            <method name="create" signature="$data" line-rate="0" branch-rate="0" complexity="1">
              <lines>
                <line number="55" hits="0"/>
                <line number="56" hits="0"/>
                <line number="57" hits="0"/>
                <line number="58" hits="0"/>
                <line number="59" hits="0"/>
                <line number="60" hits="0"/>
                <line number="61" hits="0"/>
              </lines>
            </method>
            <method name="update" signature="" line-rate="0" branch-rate="0" complexity="1">
              <lines>
                <line number="63" hits="0"/>
              </lines>
            </method>
            <method name="delete" signature="" line-rate="0" branch-rate="0" complexity="1">
              <lines>
                <line number="64" hits="0"/>
              </lines>
            </method>
          </methods>
          <lines>
            <line number="12" hits="0"/>
            <line number="13" hits="0"/>
            <line number="14" hits="0"/>
            <line number="15" hits="0"/>
            <line number="16" hits="0"/>
            <line number="17" hits="0"/>
            <line number="18" hits="0"/>
            <line number="19" hits="0"/>
            <line number="20" hits="0"/>
            <line number="21" hits="0"/>
            <line number="22" hits="0"/>
            <line number="23" hits="0"/>
            <line number="24" hits="0"/>
            <line number="26" hits="0"/>
            <line number="28" hits="0"/>
            <line number="29" hits="0"/>
            <line number="30" hits="0"/>
            <line number="31" hits="0"/>
            <line number="33" hits="0"/>
            <line number="34" hits="0"/>
            <line number="37" hits="0"/>
            <line number="38" hits="0"/>
            <line number="39" hits="0"/>
            <line number="41" hits="0"/>
            <line number="42" hits="0"/>
            <line number="43" hits="0"/>
            <line number="44" hits="0"/>
            <line number="45" hits="0"/>
            <line number="49" hits="0"/>
            <line number="52" hits="0"/>
            <line number="55" hits="0"/>
            <line number="56" hits="0"/>
            <line number="57" hits="0"/>
            <line number="58" hits="0"/>
            <line number="59" hits="0"/>
            <line number="60" hits="0"/>
            <line number="61" hits="0"/>
            <line number="63" hits="0"/>
            <line number="64" hits="0"/>
          </lines>
        </class>
      </classes>
    </package>
  </packages>
</coverage>
